<?xml version="1.0" encoding="UTF-8"?>
<testsuite name="RationalTest" tests="1" skipped="0" failures="0" errors="0" timestamp="2023-09-20T15:02:54" hostname="LAPTOP-98L6HITO" time="0.003">
  <properties/>
  <testcase name="testequals" classname="RationalTest" time="0.003"/>
  <system-out><![CDATA[]]></system-out>
  <system-err><![CDATA[]]></system-err>
</testsuite>
